<?xml version="1.0" encoding="UTF-8"?>
<testng-results skipped="0" failed="0" total="1" passed="1">
  <reporter-output>
  </reporter-output>
  <suite name="Default suite" duration-ms="5207" started-at="2015-06-25T12:34:02Z" finished-at="2015-06-25T12:34:07Z">
    <groups>
    </groups>
    <test name="Default test" duration-ms="5207" started-at="2015-06-25T12:34:02Z" finished-at="2015-06-25T12:34:07Z">
      <class name="browser.time">
        <test-method status="PASS" signature="main()[pri:0, instance:browser.time@2aafb23c]" name="main" duration-ms="5191" started-at="2015-06-25T18:04:02Z" finished-at="2015-06-25T18:04:07Z">
          <reporter-output>
          </reporter-output>
        </test-method> <!-- main -->
      </class> <!-- browser.time -->
    </test> <!-- Default test -->
  </suite> <!-- Default suite -->
</testng-results>
