<?xml version="1.0" encoding="UTF-8"?>
<!-- Generated by org.testng.reporters.JUnitXMLReporter -->
<testsuite hostname="ASDA0059" name="Default test" tests="11" failures="0" timestamp="30 Jun 2015 06:56:44 GMT" time="33.219" errors="0">
  <testcase name="OpenWebsite" time="4.702" classname="com.qait.Test.Test1LaunchGoIndigo"/>
  <testcase name="EnterSourceCity" time="0.339" classname="com.qait.Test.Test1LaunchGoIndigo"/>
  <testcase name="EnterDestinationCity" time="0.495" classname="com.qait.Test.Test1LaunchGoIndigo"/>
  <testcase name="EnterOriginDate" time="1.051" classname="com.qait.Test.Test1LaunchGoIndigo"/>
  <testcase name="EnterReturnDate" time="0.188" classname="com.qait.Test.Test1LaunchGoIndigo"/>
  <testcase name="SearchFlights" time="3.279" classname="com.qait.Test.Test1LaunchGoIndigo"/>
  <testcase name="SelectFlightAndContinue" time="2.144" classname="com.qait.Test.Test1LaunchGoIndigo"/>
  <testcase name="ContactDetails" time="0.756" classname="com.qait.Test.Test1LaunchGoIndigo"/>
  <testcase name="PassengerDetails" time="7.631" classname="com.qait.Test.Test1LaunchGoIndigo"/>
  <testcase name="ProceedToSelectSeats" time="5.612" classname="com.qait.Test.Test1LaunchGoIndigo"/>
  <testcase name="ReviewBooking" time="4.149" classname="com.qait.Test.Test1LaunchGoIndigo"/>
</testsuite> <!-- Default test -->
